Started GET "/" for 127.0.0.1 at 2018-03-07 12:36:02 -0300
Processing by VisitorsController#index as HTML
  Rendering visitors/index.html.erb within layouts/application
  Rendered visitors/index.html.erb within layouts/application (2.1ms)
Started GET "/" for 127.0.0.1 at 2018-03-07 12:36:06 -0300
Processing by VisitorsController#index as HTML
  Rendering visitors/index.html.erb within layouts/application
  Rendered visitors/index.html.erb within layouts/application (1.0ms)
Started GET "/" for 127.0.0.1 at 2018-03-07 12:36:13 -0300
Processing by VisitorsController#index as HTML
  Rendering visitors/index.html.erb within layouts/application
  Rendered visitors/index.html.erb within layouts/application (1.7ms)
Started GET "/" for 127.0.0.1 at 2018-03-07 12:36:21 -0300
Processing by VisitorsController#index as HTML
  Rendering visitors/index.html.erb within layouts/application
  Rendered visitors/index.html.erb within layouts/application (2.3ms)
  Rendered layouts/_navigation_links.html.erb (3.6ms) [cache miss]
  Rendered layouts/_navigation.html.erb (37.2ms) [cache miss]
  Rendered layouts/_messages.html.erb (1.1ms) [cache miss]
Completed 200 OK in 27045ms (Views: 26652.6ms)


  Rendered layouts/_navigation_links.html.erb (0.6ms) [cache miss]
  Rendered layouts/_navigation.html.erb (3.9ms) [cache miss]
  Rendered layouts/_messages.html.erb (0.6ms) [cache miss]
Completed 200 OK in 23424ms (Views: 23419.6ms)


  Rendered layouts/_navigation_links.html.erb (2.2ms) [cache miss]
  Rendered layouts/_navigation.html.erb (22.8ms) [cache miss]
  Rendered layouts/_messages.html.erb (0.5ms) [cache miss]
Completed 200 OK in 16530ms (Views: 16526.0ms)


  Rendered layouts/_navigation_links.html.erb (1.3ms) [cache miss]
  Rendered layouts/_navigation.html.erb (5.9ms) [cache miss]
  Rendered layouts/_messages.html.erb (1.2ms) [cache miss]
Completed 200 OK in 10220ms (Views: 10090.3ms)


Started GET "/sso/login" for 127.0.0.1 at 2018-03-07 12:36:32 -0300
  
ActionController::RoutingError (No route matches [GET] "/sso/login"):
  
actionpack (5.1.1) lib/action_dispatch/middleware/debug_exceptions.rb:63:in `call'
web-console (3.5.1) lib/web_console/middleware.rb:135:in `call_app'
web-console (3.5.1) lib/web_console/middleware.rb:28:in `block in call'
web-console (3.5.1) lib/web_console/middleware.rb:18:in `catch'
web-console (3.5.1) lib/web_console/middleware.rb:18:in `call'
actionpack (5.1.1) lib/action_dispatch/middleware/show_exceptions.rb:31:in `call'
railties (5.1.1) lib/rails/rack/logger.rb:36:in `call_app'
railties (5.1.1) lib/rails/rack/logger.rb:24:in `block in call'
activesupport (5.1.1) lib/active_support/tagged_logging.rb:69:in `block in tagged'
activesupport (5.1.1) lib/active_support/tagged_logging.rb:26:in `tagged'
activesupport (5.1.1) lib/active_support/tagged_logging.rb:69:in `tagged'
railties (5.1.1) lib/rails/rack/logger.rb:24:in `call'
sprockets-rails (3.2.0) lib/sprockets/rails/quiet_assets.rb:13:in `call'
actionpack (5.1.1) lib/action_dispatch/middleware/remote_ip.rb:79:in `call'
actionpack (5.1.1) lib/action_dispatch/middleware/request_id.rb:25:in `call'
rack (2.0.3) lib/rack/method_override.rb:22:in `call'
rack (2.0.3) lib/rack/runtime.rb:22:in `call'
activesupport (5.1.1) lib/active_support/cache/strategy/local_cache_middleware.rb:27:in `call'
actionpack (5.1.1) lib/action_dispatch/middleware/executor.rb:12:in `call'
actionpack (5.1.1) lib/action_dispatch/middleware/static.rb:125:in `call'
rack (2.0.3) lib/rack/sendfile.rb:111:in `call'
railties (5.1.1) lib/rails/engine.rb:522:in `call'
puma (3.8.2) lib/puma/configuration.rb:224:in `call'
puma (3.8.2) lib/puma/server.rb:600:in `handle_request'
puma (3.8.2) lib/puma/server.rb:435:in `process_client'
puma (3.8.2) lib/puma/server.rb:299:in `block in run'
puma (3.8.2) lib/puma/thread_pool.rb:120:in `block in spawn_thread'
Started GET "/" for 127.0.0.1 at 2018-03-07 12:36:50 -0300
Processing by VisitorsController#index as HTML
  Rendering visitors/index.html.erb within layouts/application
  Rendered visitors/index.html.erb within layouts/application (1.9ms)
  Rendered layouts/_navigation_links.html.erb (0.8ms) [cache miss]
  Rendered layouts/_navigation.html.erb (6.8ms) [cache miss]
  Rendered layouts/_messages.html.erb (0.6ms) [cache miss]
Completed 200 OK in 683ms (Views: 385.2ms)


Started GET "/" for 127.0.0.1 at 2018-03-07 12:37:11 -0300
Processing by VisitorsController#index as HTML
  Rendering visitors/index.html.erb within layouts/application
  Rendered visitors/index.html.erb within layouts/application (1.9ms)
  Rendered layouts/_navigation_links.html.erb (0.6ms) [cache miss]
  Rendered layouts/_navigation.html.erb (4.0ms) [cache miss]
  Rendered layouts/_messages.html.erb (0.8ms) [cache miss]
Completed 200 OK in 612ms (Views: 344.4ms)


Started GET "/" for 127.0.0.1 at 2018-03-07 12:37:14 -0300
Processing by VisitorsController#index as HTML
  Rendering visitors/index.html.erb within layouts/application
  Rendered visitors/index.html.erb within layouts/application (0.6ms)
  Rendered layouts/_navigation_links.html.erb (0.9ms) [cache miss]
  Rendered layouts/_navigation.html.erb (5.7ms) [cache miss]
  Rendered layouts/_messages.html.erb (0.6ms) [cache miss]
Completed 200 OK in 97ms (Views: 90.6ms)


Started GET "/" for 127.0.0.1 at 2018-03-07 12:39:25 -0300
Processing by VisitorsController#index as HTML
  Rendering visitors/index.html.erb within layouts/application
  Rendered visitors/index.html.erb within layouts/application (7.1ms)
  Rendered layouts/_navigation_links.html.erb (1.2ms) [cache miss]
  Rendered layouts/_navigation.html.erb (14.7ms) [cache miss]
  Rendered layouts/_messages.html.erb (2.5ms) [cache miss]
Completed 200 OK in 1149ms (Views: 1130.1ms)


Started GET "/sso/login" for 127.0.0.1 at 2018-03-07 12:39:27 -0300
  
ActionController::RoutingError (No route matches [GET] "/sso/login"):
  
actionpack (5.1.1) lib/action_dispatch/middleware/debug_exceptions.rb:63:in `call'
web-console (3.5.1) lib/web_console/middleware.rb:135:in `call_app'
web-console (3.5.1) lib/web_console/middleware.rb:28:in `block in call'
web-console (3.5.1) lib/web_console/middleware.rb:18:in `catch'
web-console (3.5.1) lib/web_console/middleware.rb:18:in `call'
actionpack (5.1.1) lib/action_dispatch/middleware/show_exceptions.rb:31:in `call'
railties (5.1.1) lib/rails/rack/logger.rb:36:in `call_app'
railties (5.1.1) lib/rails/rack/logger.rb:24:in `block in call'
activesupport (5.1.1) lib/active_support/tagged_logging.rb:69:in `block in tagged'
activesupport (5.1.1) lib/active_support/tagged_logging.rb:26:in `tagged'
activesupport (5.1.1) lib/active_support/tagged_logging.rb:69:in `tagged'
railties (5.1.1) lib/rails/rack/logger.rb:24:in `call'
sprockets-rails (3.2.0) lib/sprockets/rails/quiet_assets.rb:13:in `call'
actionpack (5.1.1) lib/action_dispatch/middleware/remote_ip.rb:79:in `call'
actionpack (5.1.1) lib/action_dispatch/middleware/request_id.rb:25:in `call'
rack (2.0.3) lib/rack/method_override.rb:22:in `call'
rack (2.0.3) lib/rack/runtime.rb:22:in `call'
activesupport (5.1.1) lib/active_support/cache/strategy/local_cache_middleware.rb:27:in `call'
actionpack (5.1.1) lib/action_dispatch/middleware/executor.rb:12:in `call'
actionpack (5.1.1) lib/action_dispatch/middleware/static.rb:125:in `call'
rack (2.0.3) lib/rack/sendfile.rb:111:in `call'
railties (5.1.1) lib/rails/engine.rb:522:in `call'
puma (3.8.2) lib/puma/configuration.rb:224:in `call'
puma (3.8.2) lib/puma/server.rb:600:in `handle_request'
puma (3.8.2) lib/puma/server.rb:435:in `process_client'
puma (3.8.2) lib/puma/server.rb:299:in `block in run'
puma (3.8.2) lib/puma/thread_pool.rb:120:in `block in spawn_thread'
Started GET "/pages/about" for 127.0.0.1 at 2018-03-07 12:39:31 -0300
Processing by HighVoltage::PagesController#show as HTML
  Parameters: {"id"=>"about"}
  Rendering pages/about.html.erb within layouts/application
  Rendered pages/about.html.erb within layouts/application (2.1ms)
  Rendered layouts/_navigation_links.html.erb (3.3ms) [cache miss]
  Rendered layouts/_navigation.html.erb (9.1ms) [cache miss]
  Rendered layouts/_messages.html.erb (0.9ms) [cache miss]
Completed 200 OK in 219ms (Views: 216.1ms)


Started GET "/pages/about" for 127.0.0.1 at 2018-03-07 12:39:34 -0300
Processing by HighVoltage::PagesController#show as HTML
  Parameters: {"id"=>"about"}
  Rendering pages/about.html.erb within layouts/application
  Rendered pages/about.html.erb within layouts/application (2.7ms)
  Rendered layouts/_navigation_links.html.erb (0.9ms) [cache miss]
  Rendered layouts/_navigation.html.erb (19.4ms) [cache miss]
  Rendered layouts/_messages.html.erb (1.1ms) [cache miss]
Completed 200 OK in 197ms (Views: 196.1ms)


